 ⚠ The "images.domains" configuration is deprecated. Please use "images.remotePatterns" configuration instead.
 ⚠ For production Image Optimization with Next.js, the optional 'sharp' package is strongly recommended. Run 'npm i sharp', and Next.js will use it automatically for Image Optimization.
Read more: https://nextjs.org/docs/messages/sharp-missing-in-production
 ⨯ The requested resource isn't a valid image for /vector.png received text/html; charset=utf-8
ImageError: The requested resource isn't a valid image.
    at imageOptimizer (/home/meetingstation1/nodevenv/public_html/meeting_station/18/lib/node_modules/next/dist/server/image-optimizer.js:637:19)
    at NextNodeServer.imageOptimizer (/home/meetingstation1/nodevenv/public_html/meeting_station/18/lib/node_modules/next/dist/server/next-server.js:651:20)
    at processTicksAndRejections (node:internal/process/task_queues:95:5)
    at runNextTicks (node:internal/process/task_queues:64:3)
    at process.processImmediate (node:internal/timers:447:9)
    at process.callbackTrampoline (node:internal/async_hooks:128:17)
    at async cacheEntry.imageResponseCache.get.incrementalCache (/home/meetingstation1/nodevenv/public_html/meeting_station/18/lib/node_modules/next/dist/server/next-server.js:182:65)
    at async /home/meetingstation1/nodevenv/public_html/meeting_station/18/lib/node_modules/next/dist/server/response-cache/index.js:90:36
    at async /home/meetingstation1/nodevenv/public_html/meeting_station/18/lib/node_modules/next/dist/lib/batcher.js:45:32 {
  statusCode: 400
}
 ⨯ The requested resource isn't a valid image for /vector.png received text/html; charset=utf-8
 ⨯ The requested resource isn't a valid image for /vector.png received text/html; charset=utf-8
 ⨯ The requested resource isn't a valid image for /vector.png received text/html; charset=utf-8
ImageError: The requested resource isn't a valid image.
    at imageOptimizer (/home/meetingstation1/nodevenv/public_html/meeting_station/18/lib/node_modules/next/dist/server/image-optimizer.js:637:19)
    at NextNodeServer.imageOptimizer (/home/meetingstation1/nodevenv/public_html/meeting_station/18/lib/node_modules/next/dist/server/next-server.js:651:20)
    at processTicksAndRejections (node:internal/process/task_queues:95:5)
    at runNextTicks (node:internal/process/task_queues:64:3)
    at process.processImmediate (node:internal/timers:447:9)
    at process.callbackTrampoline (node:internal/async_hooks:128:17)
    at async cacheEntry.imageResponseCache.get.incrementalCache (/home/meetingstation1/nodevenv/public_html/meeting_station/18/lib/node_modules/next/dist/server/next-server.js:182:65)
    at async /home/meetingstation1/nodevenv/public_html/meeting_station/18/lib/node_modules/next/dist/server/response-cache/index.js:90:36
    at async /home/meetingstation1/nodevenv/public_html/meeting_station/18/lib/node_modules/next/dist/lib/batcher.js:45:32 {
  statusCode: 400
}
 ⨯ The requested resource isn't a valid image for /vector.png received text/html; charset=utf-8
ImageError: The requested resource isn't a valid image.
    at imageOptimizer (/home/meetingstation1/nodevenv/public_html/meeting_station/18/lib/node_modules/next/dist/server/image-optimizer.js:637:19)
    at NextNodeServer.imageOptimizer (/home/meetingstation1/nodevenv/public_html/meeting_station/18/lib/node_modules/next/dist/server/next-server.js:651:20)
    at processTicksAndRejections (node:internal/process/task_queues:95:5)
    at runNextTicks (node:internal/process/task_queues:64:3)
    at listOnTimeout (node:internal/timers:538:9)
    at process.processTimers (node:internal/timers:512:7)
    at async cacheEntry.imageResponseCache.get.incrementalCache (/home/meetingstation1/nodevenv/public_html/meeting_station/18/lib/node_modules/next/dist/server/next-server.js:182:65)
    at async /home/meetingstation1/nodevenv/public_html/meeting_station/18/lib/node_modules/next/dist/server/response-cache/index.js:90:36
    at async /home/meetingstation1/nodevenv/public_html/meeting_station/18/lib/node_modules/next/dist/lib/batcher.js:45:32 {
  statusCode: 400
}
 ⨯ The requested resource isn't a valid image for /vector.png received text/html; charset=utf-8
ImageError: The requested resource isn't a valid image.
    at imageOptimizer (/home/meetingstation1/nodevenv/public_html/meeting_station/18/lib/node_modules/next/dist/server/image-optimizer.js:637:19)
    at NextNodeServer.imageOptimizer (/home/meetingstation1/nodevenv/public_html/meeting_station/18/lib/node_modules/next/dist/server/next-server.js:651:20)
    at processTicksAndRejections (node:internal/process/task_queues:95:5)
    at runNextTicks (node:internal/process/task_queues:64:3)
    at process.processImmediate (node:internal/timers:447:9)
    at process.callbackTrampoline (node:internal/async_hooks:128:17)
    at async cacheEntry.imageResponseCache.get.incrementalCache (/home/meetingstation1/nodevenv/public_html/meeting_station/18/lib/node_modules/next/dist/server/next-server.js:182:65)
    at async /home/meetingstation1/nodevenv/public_html/meeting_station/18/lib/node_modules/next/dist/server/response-cache/index.js:90:36
    at async /home/meetingstation1/nodevenv/public_html/meeting_station/18/lib/node_modules/next/dist/lib/batcher.js:45:32 {
  statusCode: 400
}
 ⚠ The "images.domains" configuration is deprecated. Please use "images.remotePatterns" configuration instead.
 ⚠ For production Image Optimization with Next.js, the optional 'sharp' package is strongly recommended. Run 'npm i sharp', and Next.js will use it automatically for Image Optimization.
Read more: https://nextjs.org/docs/messages/sharp-missing-in-production
 ⨯ The requested resource isn't a valid image for /vector.png received text/html; charset=utf-8
 ⨯ The requested resource isn't a valid image for /vector.png received text/html; charset=utf-8
 ⨯ The requested resource isn't a valid image for /vector.png received text/html; charset=utf-8
 ⨯ The requested resource isn't a valid image for /vector.png received text/html; charset=utf-8
 ⨯ The requested resource isn't a valid image for /vector.png received text/html; charset=utf-8
 ⨯ The requested resource isn't a valid image for /vector.png received text/html; charset=utf-8
 ⨯ The requested resource isn't a valid image for /vector.png received text/html; charset=utf-8
 ⨯ The requested resource isn't a valid image for /vector.png received text/html; charset=utf-8
 ⨯ The requested resource isn't a valid image for /vector.png received text/html; charset=utf-8
 ⨯ The requested resource isn't a valid image for /vector.png received text/html; charset=utf-8
 ⨯ The requested resource isn't a valid image for /vector.png received text/html; charset=utf-8
 ⨯ The requested resource isn't a valid image for /vector.png received text/html; charset=utf-8
 ⨯ The requested resource isn't a valid image for /vector.png received text/html; charset=utf-8
 ⨯ The requested resource isn't a valid image for /vector.png received text/html; charset=utf-8
 ⨯ The requested resource isn't a valid image for /vector.png received text/html; charset=utf-8
 ⨯ The requested resource isn't a valid image for /vector.png received text/html; charset=utf-8
 ⨯ The requested resource isn't a valid image for /vector.png received text/html; charset=utf-8
 ⨯ The requested resource isn't a valid image for /vector.png received text/html; charset=utf-8
 ⨯ The requested resource isn't a valid image for /vector.png received text/html; charset=utf-8
 ⨯ The requested resource isn't a valid image for /vector.png received text/html; charset=utf-8
 ⨯ The requested resource isn't a valid image for /vector.png received text/html; charset=utf-8
 ⨯ The requested resource isn't a valid image for /vector.png received text/html; charset=utf-8
 ⨯ The requested resource isn't a valid image for /vector.png received text/html; charset=utf-8
 ⨯ The requested resource isn't a valid image for /vector.png received text/html; charset=utf-8
 ⨯ The requested resource isn't a valid image for /vector.png received text/html; charset=utf-8
 ⨯ The requested resource isn't a valid image for /vector.png received text/html; charset=utf-8
ImageError: The requested resource isn't a valid image.
    at imageOptimizer (/home/meetingstation1/nodevenv/public_html/meeting_station/18/lib/node_modules/next/dist/server/image-optimizer.js:637:19)
    at NextNodeServer.imageOptimizer (/home/meetingstation1/nodevenv/public_html/meeting_station/18/lib/node_modules/next/dist/server/next-server.js:651:20)
    at processTicksAndRejections (node:internal/process/task_queues:95:5)
    at runNextTicks (node:internal/process/task_queues:64:3)
    at listOnTimeout (node:internal/timers:538:9)
    at process.processTimers (node:internal/timers:512:7)
    at async cacheEntry.imageResponseCache.get.incrementalCache (/home/meetingstation1/nodevenv/public_html/meeting_station/18/lib/node_modules/next/dist/server/next-server.js:182:65)
    at async /home/meetingstation1/nodevenv/public_html/meeting_station/18/lib/node_modules/next/dist/server/response-cache/index.js:90:36
    at async /home/meetingstation1/nodevenv/public_html/meeting_station/18/lib/node_modules/next/dist/lib/batcher.js:45:32 {
  statusCode: 400
}
 ⚠ The "images.domains" configuration is deprecated. Please use "images.remotePatterns" configuration instead.
 ⚠ For production Image Optimization with Next.js, the optional 'sharp' package is strongly recommended. Run 'npm i sharp', and Next.js will use it automatically for Image Optimization.
Read more: https://nextjs.org/docs/messages/sharp-missing-in-production
 ⨯ The requested resource isn't a valid image for /vector.png received text/html; charset=utf-8
ImageError: The requested resource isn't a valid image.
    at imageOptimizer (/home/meetingstation1/nodevenv/public_html/meeting_station/18/lib/node_modules/next/dist/server/image-optimizer.js:637:19)
    at NextNodeServer.imageOptimizer (/home/meetingstation1/nodevenv/public_html/meeting_station/18/lib/node_modules/next/dist/server/next-server.js:651:20)
    at processTicksAndRejections (node:internal/process/task_queues:95:5)
    at runNextTicks (node:internal/process/task_queues:64:3)
    at listOnTimeout (node:internal/timers:538:9)
    at process.processTimers (node:internal/timers:512:7)
    at async cacheEntry.imageResponseCache.get.incrementalCache (/home/meetingstation1/nodevenv/public_html/meeting_station/18/lib/node_modules/next/dist/server/next-server.js:182:65)
    at async /home/meetingstation1/nodevenv/public_html/meeting_station/18/lib/node_modules/next/dist/server/response-cache/index.js:90:36
    at async /home/meetingstation1/nodevenv/public_html/meeting_station/18/lib/node_modules/next/dist/lib/batcher.js:45:32 {
  statusCode: 400
}
 ⨯ The requested resource isn't a valid image for /vector.png received text/html; charset=utf-8
 ⨯ The requested resource isn't a valid image for /vector.png received text/html; charset=utf-8
 ⨯ The requested resource isn't a valid image for /vector.png received text/html; charset=utf-8
ImageError: The requested resource isn't a valid image.
    at imageOptimizer (/home/meetingstation1/nodevenv/public_html/meeting_station/18/lib/node_modules/next/dist/server/image-optimizer.js:637:19)
    at NextNodeServer.imageOptimizer (/home/meetingstation1/nodevenv/public_html/meeting_station/18/lib/node_modules/next/dist/server/next-server.js:651:20)
    at processTicksAndRejections (node:internal/process/task_queues:95:5)
    at runNextTicks (node:internal/process/task_queues:64:3)
    at listOnTimeout (node:internal/timers:538:9)
    at process.processTimers (node:internal/timers:512:7)
    at async cacheEntry.imageResponseCache.get.incrementalCache (/home/meetingstation1/nodevenv/public_html/meeting_station/18/lib/node_modules/next/dist/server/next-server.js:182:65)
    at async /home/meetingstation1/nodevenv/public_html/meeting_station/18/lib/node_modules/next/dist/server/response-cache/index.js:90:36
    at async /home/meetingstation1/nodevenv/public_html/meeting_station/18/lib/node_modules/next/dist/lib/batcher.js:45:32 {
  statusCode: 400
}
 ⨯ The requested resource isn't a valid image for /vector.png received text/html; charset=utf-8
 ⨯ The requested resource isn't a valid image for /vector.png received text/html; charset=utf-8
 ⨯ The requested resource isn't a valid image for /vector.png received text/html; charset=utf-8
 ⚠ The "images.domains" configuration is deprecated. Please use "images.remotePatterns" configuration instead.
 ⚠ For production Image Optimization with Next.js, the optional 'sharp' package is strongly recommended. Run 'npm i sharp', and Next.js will use it automatically for Image Optimization.
Read more: https://nextjs.org/docs/messages/sharp-missing-in-production
 ⨯ The requested resource isn't a valid image for /vector.png received text/html; charset=utf-8
ImageError: The requested resource isn't a valid image.
    at imageOptimizer (/home/meetingstation1/nodevenv/public_html/meeting_station/18/lib/node_modules/next/dist/server/image-optimizer.js:637:19)
    at NextNodeServer.imageOptimizer (/home/meetingstation1/nodevenv/public_html/meeting_station/18/lib/node_modules/next/dist/server/next-server.js:651:20)
    at processTicksAndRejections (node:internal/process/task_queues:95:5)
    at runNextTicks (node:internal/process/task_queues:64:3)
    at listOnTimeout (node:internal/timers:538:9)
    at process.processTimers (node:internal/timers:512:7)
    at async cacheEntry.imageResponseCache.get.incrementalCache (/home/meetingstation1/nodevenv/public_html/meeting_station/18/lib/node_modules/next/dist/server/next-server.js:182:65)
    at async /home/meetingstation1/nodevenv/public_html/meeting_station/18/lib/node_modules/next/dist/server/response-cache/index.js:90:36
    at async /home/meetingstation1/nodevenv/public_html/meeting_station/18/lib/node_modules/next/dist/lib/batcher.js:45:32 {
  statusCode: 400
}
 ⨯ The requested resource isn't a valid image for /vector.png received text/html; charset=utf-8
ImageError: The requested resource isn't a valid image.
    at imageOptimizer (/home/meetingstation1/nodevenv/public_html/meeting_station/18/lib/node_modules/next/dist/server/image-optimizer.js:637:19)
    at NextNodeServer.imageOptimizer (/home/meetingstation1/nodevenv/public_html/meeting_station/18/lib/node_modules/next/dist/server/next-server.js:651:20)
    at processTicksAndRejections (node:internal/process/task_queues:95:5)
    at runNextTicks (node:internal/process/task_queues:64:3)
    at listOnTimeout (node:internal/timers:538:9)
    at process.processTimers (node:internal/timers:512:7)
    at async cacheEntry.imageResponseCache.get.incrementalCache (/home/meetingstation1/nodevenv/public_html/meeting_station/18/lib/node_modules/next/dist/server/next-server.js:182:65)
    at async /home/meetingstation1/nodevenv/public_html/meeting_station/18/lib/node_modules/next/dist/server/response-cache/index.js:90:36
    at async /home/meetingstation1/nodevenv/public_html/meeting_station/18/lib/node_modules/next/dist/lib/batcher.js:45:32 {
  statusCode: 400
}
 ⨯ The requested resource isn't a valid image for /vector.png received text/html; charset=utf-8
ImageError: The requested resource isn't a valid image.
    at imageOptimizer (/home/meetingstation1/nodevenv/public_html/meeting_station/18/lib/node_modules/next/dist/server/image-optimizer.js:637:19)
    at NextNodeServer.imageOptimizer (/home/meetingstation1/nodevenv/public_html/meeting_station/18/lib/node_modules/next/dist/server/next-server.js:651:20)
    at processTicksAndRejections (node:internal/process/task_queues:95:5)
    at runNextTicks (node:internal/process/task_queues:64:3)
    at listOnTimeout (node:internal/timers:538:9)
    at process.processTimers (node:internal/timers:512:7)
    at async cacheEntry.imageResponseCache.get.incrementalCache (/home/meetingstation1/nodevenv/public_html/meeting_station/18/lib/node_modules/next/dist/server/next-server.js:182:65)
    at async /home/meetingstation1/nodevenv/public_html/meeting_station/18/lib/node_modules/next/dist/server/response-cache/index.js:90:36
    at async /home/meetingstation1/nodevenv/public_html/meeting_station/18/lib/node_modules/next/dist/lib/batcher.js:45:32 {
  statusCode: 400
}
 ⨯ The requested resource isn't a valid image for /vector.png received text/html; charset=utf-8
ImageError: The requested resource isn't a valid image.
    at imageOptimizer (/home/meetingstation1/nodevenv/public_html/meeting_station/18/lib/node_modules/next/dist/server/image-optimizer.js:637:19)
    at NextNodeServer.imageOptimizer (/home/meetingstation1/nodevenv/public_html/meeting_station/18/lib/node_modules/next/dist/server/next-server.js:651:20)
    at processTicksAndRejections (node:internal/process/task_queues:95:5)
    at runNextTicks (node:internal/process/task_queues:64:3)
    at listOnTimeout (node:internal/timers:538:9)
    at process.processTimers (node:internal/timers:512:7)
    at async cacheEntry.imageResponseCache.get.incrementalCache (/home/meetingstation1/nodevenv/public_html/meeting_station/18/lib/node_modules/next/dist/server/next-server.js:182:65)
    at async /home/meetingstation1/nodevenv/public_html/meeting_station/18/lib/node_modules/next/dist/server/response-cache/index.js:90:36
    at async /home/meetingstation1/nodevenv/public_html/meeting_station/18/lib/node_modules/next/dist/lib/batcher.js:45:32 {
  statusCode: 400
}
 ⨯ The requested resource isn't a valid image for /vector.png received text/html; charset=utf-8
 ⨯ The requested resource isn't a valid image for /vector.png received text/html; charset=utf-8
 ⨯ The requested resource isn't a valid image for /vector.png received text/html; charset=utf-8
 ⨯ The requested resource isn't a valid image for /vector.png received text/html; charset=utf-8
 ⨯ The requested resource isn't a valid image for /vector.png received text/html; charset=utf-8
 ⨯ The requested resource isn't a valid image for /vector.png received text/html; charset=utf-8
 ⨯ The requested resource isn't a valid image for /vector.png received text/html; charset=utf-8
 ⨯ The requested resource isn't a valid image for /vector.png received text/html; charset=utf-8
ImageError: The requested resource isn't a valid image.
    at imageOptimizer (/home/meetingstation1/nodevenv/public_html/meeting_station/18/lib/node_modules/next/dist/server/image-optimizer.js:637:19)
    at NextNodeServer.imageOptimizer (/home/meetingstation1/nodevenv/public_html/meeting_station/18/lib/node_modules/next/dist/server/next-server.js:651:20)
    at processTicksAndRejections (node:internal/process/task_queues:95:5)
    at runNextTicks (node:internal/process/task_queues:64:3)
    at listOnTimeout (node:internal/timers:538:9)
    at process.processTimers (node:internal/timers:512:7)
    at async cacheEntry.imageResponseCache.get.incrementalCache (/home/meetingstation1/nodevenv/public_html/meeting_station/18/lib/node_modules/next/dist/server/next-server.js:182:65)
    at async /home/meetingstation1/nodevenv/public_html/meeting_station/18/lib/node_modules/next/dist/server/response-cache/index.js:90:36
    at async /home/meetingstation1/nodevenv/public_html/meeting_station/18/lib/node_modules/next/dist/lib/batcher.js:45:32 {
  statusCode: 400
}
 ⨯ The requested resource isn't a valid image for /vector.png received text/html; charset=utf-8
ImageError: The requested resource isn't a valid image.
    at imageOptimizer (/home/meetingstation1/nodevenv/public_html/meeting_station/18/lib/node_modules/next/dist/server/image-optimizer.js:637:19)
    at NextNodeServer.imageOptimizer (/home/meetingstation1/nodevenv/public_html/meeting_station/18/lib/node_modules/next/dist/server/next-server.js:651:20)
    at processTicksAndRejections (node:internal/process/task_queues:95:5)
    at runNextTicks (node:internal/process/task_queues:64:3)
    at listOnTimeout (node:internal/timers:538:9)
    at process.processTimers (node:internal/timers:512:7)
    at async cacheEntry.imageResponseCache.get.incrementalCache (/home/meetingstation1/nodevenv/public_html/meeting_station/18/lib/node_modules/next/dist/server/next-server.js:182:65)
    at async /home/meetingstation1/nodevenv/public_html/meeting_station/18/lib/node_modules/next/dist/server/response-cache/index.js:90:36
    at async /home/meetingstation1/nodevenv/public_html/meeting_station/18/lib/node_modules/next/dist/lib/batcher.js:45:32 {
  statusCode: 400
}
 ⨯ The requested resource isn't a valid image for /vector.png received text/html; charset=utf-8
ImageError: The requested resource isn't a valid image.
    at imageOptimizer (/home/meetingstation1/nodevenv/public_html/meeting_station/18/lib/node_modules/next/dist/server/image-optimizer.js:637:19)
    at NextNodeServer.imageOptimizer (/home/meetingstation1/nodevenv/public_html/meeting_station/18/lib/node_modules/next/dist/server/next-server.js:651:20)
    at processTicksAndRejections (node:internal/process/task_queues:95:5)
    at runNextTicks (node:internal/process/task_queues:64:3)
    at listOnTimeout (node:internal/timers:538:9)
    at process.processTimers (node:internal/timers:512:7)
    at async cacheEntry.imageResponseCache.get.incrementalCache (/home/meetingstation1/nodevenv/public_html/meeting_station/18/lib/node_modules/next/dist/server/next-server.js:182:65)
    at async /home/meetingstation1/nodevenv/public_html/meeting_station/18/lib/node_modules/next/dist/server/response-cache/index.js:90:36
    at async /home/meetingstation1/nodevenv/public_html/meeting_station/18/lib/node_modules/next/dist/lib/batcher.js:45:32 {
  statusCode: 400
}
 ⨯ The requested resource isn't a valid image for /vector.png received text/html; charset=utf-8
ImageError: The requested resource isn't a valid image.
    at imageOptimizer (/home/meetingstation1/nodevenv/public_html/meeting_station/18/lib/node_modules/next/dist/server/image-optimizer.js:637:19)
    at NextNodeServer.imageOptimizer (/home/meetingstation1/nodevenv/public_html/meeting_station/18/lib/node_modules/next/dist/server/next-server.js:651:20)
    at processTicksAndRejections (node:internal/process/task_queues:95:5)
    at runNextTicks (node:internal/process/task_queues:64:3)
    at listOnTimeout (node:internal/timers:538:9)
    at process.processTimers (node:internal/timers:512:7)
    at async cacheEntry.imageResponseCache.get.incrementalCache (/home/meetingstation1/nodevenv/public_html/meeting_station/18/lib/node_modules/next/dist/server/next-server.js:182:65)
    at async /home/meetingstation1/nodevenv/public_html/meeting_station/18/lib/node_modules/next/dist/server/response-cache/index.js:90:36
    at async /home/meetingstation1/nodevenv/public_html/meeting_station/18/lib/node_modules/next/dist/lib/batcher.js:45:32 {
  statusCode: 400
}
 ⚠ The "images.domains" configuration is deprecated. Please use "images.remotePatterns" configuration instead.
 ⚠ For production Image Optimization with Next.js, the optional 'sharp' package is strongly recommended. Run 'npm i sharp', and Next.js will use it automatically for Image Optimization.
Read more: https://nextjs.org/docs/messages/sharp-missing-in-production
 ⨯ The requested resource isn't a valid image for /vector.png received text/html; charset=utf-8
ImageError: The requested resource isn't a valid image.
    at imageOptimizer (/home/meetingstation1/nodevenv/public_html/meeting_station/18/lib/node_modules/next/dist/server/image-optimizer.js:637:19)
    at NextNodeServer.imageOptimizer (/home/meetingstation1/nodevenv/public_html/meeting_station/18/lib/node_modules/next/dist/server/next-server.js:651:20)
    at processTicksAndRejections (node:internal/process/task_queues:95:5)
    at runNextTicks (node:internal/process/task_queues:64:3)
    at listOnTimeout (node:internal/timers:538:9)
    at process.processTimers (node:internal/timers:512:7)
    at async cacheEntry.imageResponseCache.get.incrementalCache (/home/meetingstation1/nodevenv/public_html/meeting_station/18/lib/node_modules/next/dist/server/next-server.js:182:65)
    at async /home/meetingstation1/nodevenv/public_html/meeting_station/18/lib/node_modules/next/dist/server/response-cache/index.js:90:36
    at async /home/meetingstation1/nodevenv/public_html/meeting_station/18/lib/node_modules/next/dist/lib/batcher.js:45:32 {
  statusCode: 400
}
 ⨯ The requested resource isn't a valid image for /vector.png received text/html; charset=utf-8
ImageError: The requested resource isn't a valid image.
    at imageOptimizer (/home/meetingstation1/nodevenv/public_html/meeting_station/18/lib/node_modules/next/dist/server/image-optimizer.js:637:19)
    at NextNodeServer.imageOptimizer (/home/meetingstation1/nodevenv/public_html/meeting_station/18/lib/node_modules/next/dist/server/next-server.js:651:20)
    at processTicksAndRejections (node:internal/process/task_queues:95:5)
    at runNextTicks (node:internal/process/task_queues:64:3)
    at listOnTimeout (node:internal/timers:538:9)
    at process.processTimers (node:internal/timers:512:7)
    at async cacheEntry.imageResponseCache.get.incrementalCache (/home/meetingstation1/nodevenv/public_html/meeting_station/18/lib/node_modules/next/dist/server/next-server.js:182:65)
    at async /home/meetingstation1/nodevenv/public_html/meeting_station/18/lib/node_modules/next/dist/server/response-cache/index.js:90:36
    at async /home/meetingstation1/nodevenv/public_html/meeting_station/18/lib/node_modules/next/dist/lib/batcher.js:45:32 {
  statusCode: 400
}
 ⨯ The requested resource isn't a valid image for /vector.png received text/html; charset=utf-8
 ⨯ The requested resource isn't a valid image for /vector.png received text/html; charset=utf-8
 ⨯ The requested resource isn't a valid image for /vector.png received text/html; charset=utf-8
 ⨯ The requested resource isn't a valid image for /vector.png received text/html; charset=utf-8
ImageError: The requested resource isn't a valid image.
    at imageOptimizer (/home/meetingstation1/nodevenv/public_html/meeting_station/18/lib/node_modules/next/dist/server/image-optimizer.js:637:19)
    at NextNodeServer.imageOptimizer (/home/meetingstation1/nodevenv/public_html/meeting_station/18/lib/node_modules/next/dist/server/next-server.js:651:20)
    at processTicksAndRejections (node:internal/process/task_queues:95:5)
    at runNextTicks (node:internal/process/task_queues:64:3)
    at listOnTimeout (node:internal/timers:538:9)
    at process.processTimers (node:internal/timers:512:7)
    at async cacheEntry.imageResponseCache.get.incrementalCache (/home/meetingstation1/nodevenv/public_html/meeting_station/18/lib/node_modules/next/dist/server/next-server.js:182:65)
    at async /home/meetingstation1/nodevenv/public_html/meeting_station/18/lib/node_modules/next/dist/server/response-cache/index.js:90:36
    at async /home/meetingstation1/nodevenv/public_html/meeting_station/18/lib/node_modules/next/dist/lib/batcher.js:45:32 {
  statusCode: 400
}
 ⨯ The requested resource isn't a valid image for /vector.png received text/html; charset=utf-8
 ⨯ The requested resource isn't a valid image for /vector.png received text/html; charset=utf-8
 ⚠ The "images.domains" configuration is deprecated. Please use "images.remotePatterns" configuration instead.
 ⚠ For production Image Optimization with Next.js, the optional 'sharp' package is strongly recommended. Run 'npm i sharp', and Next.js will use it automatically for Image Optimization.
Read more: https://nextjs.org/docs/messages/sharp-missing-in-production
 ⨯ The requested resource isn't a valid image for /vector.png received text/html; charset=utf-8
 ⨯ The requested resource isn't a valid image for /vector.png received text/html; charset=utf-8
ImageError: The requested resource isn't a valid image.
    at imageOptimizer (/home/meetingstation1/nodevenv/public_html/meeting_station/18/lib/node_modules/next/dist/server/image-optimizer.js:637:19)
    at NextNodeServer.imageOptimizer (/home/meetingstation1/nodevenv/public_html/meeting_station/18/lib/node_modules/next/dist/server/next-server.js:651:20)
    at processTicksAndRejections (node:internal/process/task_queues:95:5)
    at runNextTicks (node:internal/process/task_queues:64:3)
    at process.processImmediate (node:internal/timers:447:9)
    at process.callbackTrampoline (node:internal/async_hooks:128:17)
    at async cacheEntry.imageResponseCache.get.incrementalCache (/home/meetingstation1/nodevenv/public_html/meeting_station/18/lib/node_modules/next/dist/server/next-server.js:182:65)
    at async /home/meetingstation1/nodevenv/public_html/meeting_station/18/lib/node_modules/next/dist/server/response-cache/index.js:90:36
    at async /home/meetingstation1/nodevenv/public_html/meeting_station/18/lib/node_modules/next/dist/lib/batcher.js:45:32 {
  statusCode: 400
}
 ⨯ The requested resource isn't a valid image for /vector.png received text/html; charset=utf-8
 ⨯ The requested resource isn't a valid image for /vector.png received text/html; charset=utf-8
ImageError: The requested resource isn't a valid image.
    at imageOptimizer (/home/meetingstation1/nodevenv/public_html/meeting_station/18/lib/node_modules/next/dist/server/image-optimizer.js:637:19)
    at NextNodeServer.imageOptimizer (/home/meetingstation1/nodevenv/public_html/meeting_station/18/lib/node_modules/next/dist/server/next-server.js:651:20)
    at processTicksAndRejections (node:internal/process/task_queues:95:5)
    at runNextTicks (node:internal/process/task_queues:64:3)
    at process.processImmediate (node:internal/timers:447:9)
    at process.callbackTrampoline (node:internal/async_hooks:128:17)
    at async cacheEntry.imageResponseCache.get.incrementalCache (/home/meetingstation1/nodevenv/public_html/meeting_station/18/lib/node_modules/next/dist/server/next-server.js:182:65)
    at async /home/meetingstation1/nodevenv/public_html/meeting_station/18/lib/node_modules/next/dist/server/response-cache/index.js:90:36
    at async /home/meetingstation1/nodevenv/public_html/meeting_station/18/lib/node_modules/next/dist/lib/batcher.js:45:32 {
  statusCode: 400
}
 ⨯ The requested resource isn't a valid image for /vector.png received text/html; charset=utf-8
ImageError: The requested resource isn't a valid image.
    at imageOptimizer (/home/meetingstation1/nodevenv/public_html/meeting_station/18/lib/node_modules/next/dist/server/image-optimizer.js:637:19)
    at NextNodeServer.imageOptimizer (/home/meetingstation1/nodevenv/public_html/meeting_station/18/lib/node_modules/next/dist/server/next-server.js:651:20)
    at processTicksAndRejections (node:internal/process/task_queues:95:5)
    at runNextTicks (node:internal/process/task_queues:64:3)
    at listOnTimeout (node:internal/timers:538:9)
    at process.processTimers (node:internal/timers:512:7)
    at async cacheEntry.imageResponseCache.get.incrementalCache (/home/meetingstation1/nodevenv/public_html/meeting_station/18/lib/node_modules/next/dist/server/next-server.js:182:65)
    at async /home/meetingstation1/nodevenv/public_html/meeting_station/18/lib/node_modules/next/dist/server/response-cache/index.js:90:36
    at async /home/meetingstation1/nodevenv/public_html/meeting_station/18/lib/node_modules/next/dist/lib/batcher.js:45:32 {
  statusCode: 400
}
 ⨯ The requested resource isn't a valid image for /vector.png received text/html; charset=utf-8
 ⨯ The requested resource isn't a valid image for /vector.png received text/html; charset=utf-8
ImageError: The requested resource isn't a valid image.
    at imageOptimizer (/home/meetingstation1/nodevenv/public_html/meeting_station/18/lib/node_modules/next/dist/server/image-optimizer.js:637:19)
    at NextNodeServer.imageOptimizer (/home/meetingstation1/nodevenv/public_html/meeting_station/18/lib/node_modules/next/dist/server/next-server.js:651:20)
    at processTicksAndRejections (node:internal/process/task_queues:95:5)
    at runNextTicks (node:internal/process/task_queues:64:3)
    at listOnTimeout (node:internal/timers:538:9)
    at process.processTimers (node:internal/timers:512:7)
    at async cacheEntry.imageResponseCache.get.incrementalCache (/home/meetingstation1/nodevenv/public_html/meeting_station/18/lib/node_modules/next/dist/server/next-server.js:182:65)
    at async /home/meetingstation1/nodevenv/public_html/meeting_station/18/lib/node_modules/next/dist/server/response-cache/index.js:90:36
    at async /home/meetingstation1/nodevenv/public_html/meeting_station/18/lib/node_modules/next/dist/lib/batcher.js:45:32 {
  statusCode: 400
}
 ⨯ The requested resource isn't a valid image for /vector.png received text/html; charset=utf-8
ImageError: The requested resource isn't a valid image.
    at imageOptimizer (/home/meetingstation1/nodevenv/public_html/meeting_station/18/lib/node_modules/next/dist/server/image-optimizer.js:637:19)
    at NextNodeServer.imageOptimizer (/home/meetingstation1/nodevenv/public_html/meeting_station/18/lib/node_modules/next/dist/server/next-server.js:651:20)
    at processTicksAndRejections (node:internal/process/task_queues:95:5)
    at runNextTicks (node:internal/process/task_queues:64:3)
    at process.processImmediate (node:internal/timers:447:9)
    at process.callbackTrampoline (node:internal/async_hooks:128:17)
    at async cacheEntry.imageResponseCache.get.incrementalCache (/home/meetingstation1/nodevenv/public_html/meeting_station/18/lib/node_modules/next/dist/server/next-server.js:182:65)
    at async /home/meetingstation1/nodevenv/public_html/meeting_station/18/lib/node_modules/next/dist/server/response-cache/index.js:90:36
    at async /home/meetingstation1/nodevenv/public_html/meeting_station/18/lib/node_modules/next/dist/lib/batcher.js:45:32 {
  statusCode: 400
}
 ⚠ The "images.domains" configuration is deprecated. Please use "images.remotePatterns" configuration instead.
 ⚠ For production Image Optimization with Next.js, the optional 'sharp' package is strongly recommended. Run 'npm i sharp', and Next.js will use it automatically for Image Optimization.
Read more: https://nextjs.org/docs/messages/sharp-missing-in-production
 ⨯ The requested resource isn't a valid image for /vector.png received text/html; charset=utf-8
ImageError: The requested resource isn't a valid image.
    at imageOptimizer (/home/meetingstation1/nodevenv/public_html/meeting_station/18/lib/node_modules/next/dist/server/image-optimizer.js:637:19)
    at NextNodeServer.imageOptimizer (/home/meetingstation1/nodevenv/public_html/meeting_station/18/lib/node_modules/next/dist/server/next-server.js:651:20)
    at processTicksAndRejections (node:internal/process/task_queues:95:5)
    at runNextTicks (node:internal/process/task_queues:64:3)
    at listOnTimeout (node:internal/timers:538:9)
    at process.processTimers (node:internal/timers:512:7)
    at async cacheEntry.imageResponseCache.get.incrementalCache (/home/meetingstation1/nodevenv/public_html/meeting_station/18/lib/node_modules/next/dist/server/next-server.js:182:65)
    at async /home/meetingstation1/nodevenv/public_html/meeting_station/18/lib/node_modules/next/dist/server/response-cache/index.js:90:36
    at async /home/meetingstation1/nodevenv/public_html/meeting_station/18/lib/node_modules/next/dist/lib/batcher.js:45:32 {
  statusCode: 400
}
 ⨯ The requested resource isn't a valid image for /vector.png received text/html; charset=utf-8
ImageError: The requested resource isn't a valid image.
    at imageOptimizer (/home/meetingstation1/nodevenv/public_html/meeting_station/18/lib/node_modules/next/dist/server/image-optimizer.js:637:19)
    at NextNodeServer.imageOptimizer (/home/meetingstation1/nodevenv/public_html/meeting_station/18/lib/node_modules/next/dist/server/next-server.js:651:20)
    at processTicksAndRejections (node:internal/process/task_queues:95:5)
    at runNextTicks (node:internal/process/task_queues:64:3)
    at listOnTimeout (node:internal/timers:538:9)
    at process.processTimers (node:internal/timers:512:7)
    at async cacheEntry.imageResponseCache.get.incrementalCache (/home/meetingstation1/nodevenv/public_html/meeting_station/18/lib/node_modules/next/dist/server/next-server.js:182:65)
    at async /home/meetingstation1/nodevenv/public_html/meeting_station/18/lib/node_modules/next/dist/server/response-cache/index.js:90:36
    at async /home/meetingstation1/nodevenv/public_html/meeting_station/18/lib/node_modules/next/dist/lib/batcher.js:45:32 {
  statusCode: 400
}
 ⨯ The requested resource isn't a valid image for /vector.png received text/html; charset=utf-8
 ⨯ The requested resource isn't a valid image for /vector.png received text/html; charset=utf-8
 ⨯ The requested resource isn't a valid image for /vector.png received text/html; charset=utf-8
ImageError: The requested resource isn't a valid image.
    at imageOptimizer (/home/meetingstation1/nodevenv/public_html/meeting_station/18/lib/node_modules/next/dist/server/image-optimizer.js:637:19)
    at NextNodeServer.imageOptimizer (/home/meetingstation1/nodevenv/public_html/meeting_station/18/lib/node_modules/next/dist/server/next-server.js:651:20)
    at processTicksAndRejections (node:internal/process/task_queues:95:5)
    at runNextTicks (node:internal/process/task_queues:64:3)
    at listOnTimeout (node:internal/timers:538:9)
    at process.processTimers (node:internal/timers:512:7)
    at async cacheEntry.imageResponseCache.get.incrementalCache (/home/meetingstation1/nodevenv/public_html/meeting_station/18/lib/node_modules/next/dist/server/next-server.js:182:65)
    at async /home/meetingstation1/nodevenv/public_html/meeting_station/18/lib/node_modules/next/dist/server/response-cache/index.js:90:36
    at async /home/meetingstation1/nodevenv/public_html/meeting_station/18/lib/node_modules/next/dist/lib/batcher.js:45:32 {
  statusCode: 400
}
 ⚠ The "images.domains" configuration is deprecated. Please use "images.remotePatterns" configuration instead.
 ⚠ For production Image Optimization with Next.js, the optional 'sharp' package is strongly recommended. Run 'npm i sharp', and Next.js will use it automatically for Image Optimization.
Read more: https://nextjs.org/docs/messages/sharp-missing-in-production
 ⨯ The requested resource isn't a valid image for /vector.png received text/html; charset=utf-8
ImageError: The requested resource isn't a valid image.
    at imageOptimizer (/home/meetingstation1/nodevenv/public_html/meeting_station/18/lib/node_modules/next/dist/server/image-optimizer.js:637:19)
    at NextNodeServer.imageOptimizer (/home/meetingstation1/nodevenv/public_html/meeting_station/18/lib/node_modules/next/dist/server/next-server.js:651:20)
    at processTicksAndRejections (node:internal/process/task_queues:95:5)
    at runNextTicks (node:internal/process/task_queues:64:3)
    at listOnTimeout (node:internal/timers:538:9)
    at process.processTimers (node:internal/timers:512:7)
    at async cacheEntry.imageResponseCache.get.incrementalCache (/home/meetingstation1/nodevenv/public_html/meeting_station/18/lib/node_modules/next/dist/server/next-server.js:182:65)
    at async /home/meetingstation1/nodevenv/public_html/meeting_station/18/lib/node_modules/next/dist/server/response-cache/index.js:90:36
    at async /home/meetingstation1/nodevenv/public_html/meeting_station/18/lib/node_modules/next/dist/lib/batcher.js:45:32 {
  statusCode: 400
}
 ⨯ The requested resource isn't a valid image for /vector.png received text/html; charset=utf-8
ImageError: The requested resource isn't a valid image.
    at imageOptimizer (/home/meetingstation1/nodevenv/public_html/meeting_station/18/lib/node_modules/next/dist/server/image-optimizer.js:637:19)
    at NextNodeServer.imageOptimizer (/home/meetingstation1/nodevenv/public_html/meeting_station/18/lib/node_modules/next/dist/server/next-server.js:651:20)
    at processTicksAndRejections (node:internal/process/task_queues:95:5)
    at runNextTicks (node:internal/process/task_queues:64:3)
    at listOnTimeout (node:internal/timers:538:9)
    at process.processTimers (node:internal/timers:512:7)
    at async cacheEntry.imageResponseCache.get.incrementalCache (/home/meetingstation1/nodevenv/public_html/meeting_station/18/lib/node_modules/next/dist/server/next-server.js:182:65)
    at async /home/meetingstation1/nodevenv/public_html/meeting_station/18/lib/node_modules/next/dist/server/response-cache/index.js:90:36
    at async /home/meetingstation1/nodevenv/public_html/meeting_station/18/lib/node_modules/next/dist/lib/batcher.js:45:32 {
  statusCode: 400
}
 ⨯ The requested resource isn't a valid image for /vector.png received text/html; charset=utf-8
 ⨯ The requested resource isn't a valid image for /vector.png received text/html; charset=utf-8
 ⨯ The requested resource isn't a valid image for /vector.png received text/html; charset=utf-8
 ⨯ The requested resource isn't a valid image for /vector.png received text/html; charset=utf-8
 ⨯ The requested resource isn't a valid image for /vector.png received text/html; charset=utf-8
ImageError: The requested resource isn't a valid image.
    at imageOptimizer (/home/meetingstation1/nodevenv/public_html/meeting_station/18/lib/node_modules/next/dist/server/image-optimizer.js:637:19)
    at NextNodeServer.imageOptimizer (/home/meetingstation1/nodevenv/public_html/meeting_station/18/lib/node_modules/next/dist/server/next-server.js:651:20)
    at processTicksAndRejections (node:internal/process/task_queues:95:5)
    at runNextTicks (node:internal/process/task_queues:64:3)
    at process.processImmediate (node:internal/timers:447:9)
    at process.callbackTrampoline (node:internal/async_hooks:128:17)
    at async cacheEntry.imageResponseCache.get.incrementalCache (/home/meetingstation1/nodevenv/public_html/meeting_station/18/lib/node_modules/next/dist/server/next-server.js:182:65)
    at async /home/meetingstation1/nodevenv/public_html/meeting_station/18/lib/node_modules/next/dist/server/response-cache/index.js:90:36
    at async /home/meetingstation1/nodevenv/public_html/meeting_station/18/lib/node_modules/next/dist/lib/batcher.js:45:32 {
  statusCode: 400
}
 ⨯ The requested resource isn't a valid image for /vector.png received text/html; charset=utf-8
ImageError: The requested resource isn't a valid image.
    at imageOptimizer (/home/meetingstation1/nodevenv/public_html/meeting_station/18/lib/node_modules/next/dist/server/image-optimizer.js:637:19)
    at NextNodeServer.imageOptimizer (/home/meetingstation1/nodevenv/public_html/meeting_station/18/lib/node_modules/next/dist/server/next-server.js:651:20)
    at processTicksAndRejections (node:internal/process/task_queues:95:5)
    at runNextTicks (node:internal/process/task_queues:64:3)
    at listOnTimeout (node:internal/timers:538:9)
    at process.processTimers (node:internal/timers:512:7)
    at async cacheEntry.imageResponseCache.get.incrementalCache (/home/meetingstation1/nodevenv/public_html/meeting_station/18/lib/node_modules/next/dist/server/next-server.js:182:65)
    at async /home/meetingstation1/nodevenv/public_html/meeting_station/18/lib/node_modules/next/dist/server/response-cache/index.js:90:36
    at async /home/meetingstation1/nodevenv/public_html/meeting_station/18/lib/node_modules/next/dist/lib/batcher.js:45:32 {
  statusCode: 400
}
 ⨯ The requested resource isn't a valid image for /vector.png received text/html; charset=utf-8
 ⨯ The requested resource isn't a valid image for /vector.png received text/html; charset=utf-8
 ⨯ The requested resource isn't a valid image for /vector.png received text/html; charset=utf-8
 ⨯ The requested resource isn't a valid image for /vector.png received text/html; charset=utf-8
 ⨯ The requested resource isn't a valid image for /vector.png received text/html; charset=utf-8
 ⨯ The requested resource isn't a valid image for /vector.png received text/html; charset=utf-8
 ⨯ The requested resource isn't a valid image for /vector.png received text/html; charset=utf-8
 ⨯ The requested resource isn't a valid image for /vector.png received text/html; charset=utf-8
 ⨯ The requested resource isn't a valid image for /vector.png received text/html; charset=utf-8
ImageError: The requested resource isn't a valid image.
    at imageOptimizer (/home/meetingstation1/nodevenv/public_html/meeting_station/18/lib/node_modules/next/dist/server/image-optimizer.js:637:19)
    at NextNodeServer.imageOptimizer (/home/meetingstation1/nodevenv/public_html/meeting_station/18/lib/node_modules/next/dist/server/next-server.js:651:20)
    at processTicksAndRejections (node:internal/process/task_queues:95:5)
    at runNextTicks (node:internal/process/task_queues:64:3)
    at listOnTimeout (node:internal/timers:538:9)
    at process.processTimers (node:internal/timers:512:7)
    at async cacheEntry.imageResponseCache.get.incrementalCache (/home/meetingstation1/nodevenv/public_html/meeting_station/18/lib/node_modules/next/dist/server/next-server.js:182:65)
    at async /home/meetingstation1/nodevenv/public_html/meeting_station/18/lib/node_modules/next/dist/server/response-cache/index.js:90:36
    at async /home/meetingstation1/nodevenv/public_html/meeting_station/18/lib/node_modules/next/dist/lib/batcher.js:45:32 {
  statusCode: 400
}
 ⨯ The requested resource isn't a valid image for /vector.png received text/html; charset=utf-8
ImageError: The requested resource isn't a valid image.
    at imageOptimizer (/home/meetingstation1/nodevenv/public_html/meeting_station/18/lib/node_modules/next/dist/server/image-optimizer.js:637:19)
    at NextNodeServer.imageOptimizer (/home/meetingstation1/nodevenv/public_html/meeting_station/18/lib/node_modules/next/dist/server/next-server.js:651:20)
    at processTicksAndRejections (node:internal/process/task_queues:95:5)
    at runNextTicks (node:internal/process/task_queues:64:3)
    at process.processImmediate (node:internal/timers:447:9)
    at process.callbackTrampoline (node:internal/async_hooks:128:17)
    at async cacheEntry.imageResponseCache.get.incrementalCache (/home/meetingstation1/nodevenv/public_html/meeting_station/18/lib/node_modules/next/dist/server/next-server.js:182:65)
    at async /home/meetingstation1/nodevenv/public_html/meeting_station/18/lib/node_modules/next/dist/server/response-cache/index.js:90:36
    at async /home/meetingstation1/nodevenv/public_html/meeting_station/18/lib/node_modules/next/dist/lib/batcher.js:45:32 {
  statusCode: 400
}
 ⨯ The requested resource isn't a valid image for /vector.png received text/html; charset=utf-8
 ⨯ The requested resource isn't a valid image for /vector.png received text/html; charset=utf-8
 ⨯ The requested resource isn't a valid image for /vector.png received text/html; charset=utf-8
ImageError: The requested resource isn't a valid image.
    at imageOptimizer (/home/meetingstation1/nodevenv/public_html/meeting_station/18/lib/node_modules/next/dist/server/image-optimizer.js:637:19)
    at NextNodeServer.imageOptimizer (/home/meetingstation1/nodevenv/public_html/meeting_station/18/lib/node_modules/next/dist/server/next-server.js:651:20)
    at processTicksAndRejections (node:internal/process/task_queues:95:5)
    at runNextTicks (node:internal/process/task_queues:64:3)
    at listOnTimeout (node:internal/timers:538:9)
    at process.processTimers (node:internal/timers:512:7)
    at async cacheEntry.imageResponseCache.get.incrementalCache (/home/meetingstation1/nodevenv/public_html/meeting_station/18/lib/node_modules/next/dist/server/next-server.js:182:65)
    at async /home/meetingstation1/nodevenv/public_html/meeting_station/18/lib/node_modules/next/dist/server/response-cache/index.js:90:36
    at async /home/meetingstation1/nodevenv/public_html/meeting_station/18/lib/node_modules/next/dist/lib/batcher.js:45:32 {
  statusCode: 400
}
 ⨯ The requested resource isn't a valid image for /vector.png received text/html; charset=utf-8
 ⨯ The requested resource isn't a valid image for /vector.png received text/html; charset=utf-8
 ⨯ The requested resource isn't a valid image for /vector.png received text/html; charset=utf-8
 ⨯ The requested resource isn't a valid image for /vector.png received text/html; charset=utf-8
 ⨯ The requested resource isn't a valid image for /vector.png received text/html; charset=utf-8
ImageError: The requested resource isn't a valid image.
    at imageOptimizer (/home/meetingstation1/nodevenv/public_html/meeting_station/18/lib/node_modules/next/dist/server/image-optimizer.js:637:19)
    at NextNodeServer.imageOptimizer (/home/meetingstation1/nodevenv/public_html/meeting_station/18/lib/node_modules/next/dist/server/next-server.js:651:20)
    at processTicksAndRejections (node:internal/process/task_queues:95:5)
    at runNextTicks (node:internal/process/task_queues:64:3)
    at listOnTimeout (node:internal/timers:538:9)
    at process.processTimers (node:internal/timers:512:7)
    at async cacheEntry.imageResponseCache.get.incrementalCache (/home/meetingstation1/nodevenv/public_html/meeting_station/18/lib/node_modules/next/dist/server/next-server.js:182:65)
    at async /home/meetingstation1/nodevenv/public_html/meeting_station/18/lib/node_modules/next/dist/server/response-cache/index.js:90:36
    at async /home/meetingstation1/nodevenv/public_html/meeting_station/18/lib/node_modules/next/dist/lib/batcher.js:45:32 {
  statusCode: 400
}
 ⨯ The requested resource isn't a valid image for /vector.png received text/html; charset=utf-8
 ⨯ The requested resource isn't a valid image for /vector.png received text/html; charset=utf-8
 ⨯ The requested resource isn't a valid image for /vector.png received text/html; charset=utf-8
 ⨯ The requested resource isn't a valid image for /vector.png received text/html; charset=utf-8
ImageError: The requested resource isn't a valid image.
    at imageOptimizer (/home/meetingstation1/nodevenv/public_html/meeting_station/18/lib/node_modules/next/dist/server/image-optimizer.js:637:19)
    at NextNodeServer.imageOptimizer (/home/meetingstation1/nodevenv/public_html/meeting_station/18/lib/node_modules/next/dist/server/next-server.js:651:20)
    at processTicksAndRejections (node:internal/process/task_queues:95:5)
    at runNextTicks (node:internal/process/task_queues:64:3)
    at listOnTimeout (node:internal/timers:538:9)
    at process.processTimers (node:internal/timers:512:7)
    at async cacheEntry.imageResponseCache.get.incrementalCache (/home/meetingstation1/nodevenv/public_html/meeting_station/18/lib/node_modules/next/dist/server/next-server.js:182:65)
    at async /home/meetingstation1/nodevenv/public_html/meeting_station/18/lib/node_modules/next/dist/server/response-cache/index.js:90:36
    at async /home/meetingstation1/nodevenv/public_html/meeting_station/18/lib/node_modules/next/dist/lib/batcher.js:45:32 {
  statusCode: 400
}
 ⨯ The requested resource isn't a valid image for /vector.png received text/html; charset=utf-8
 ⨯ The requested resource isn't a valid image for /vector.png received text/html; charset=utf-8
 ⨯ The requested resource isn't a valid image for /vector.png received text/html; charset=utf-8
ImageError: The requested resource isn't a valid image.
    at imageOptimizer (/home/meetingstation1/nodevenv/public_html/meeting_station/18/lib/node_modules/next/dist/server/image-optimizer.js:637:19)
    at NextNodeServer.imageOptimizer (/home/meetingstation1/nodevenv/public_html/meeting_station/18/lib/node_modules/next/dist/server/next-server.js:651:20)
    at processTicksAndRejections (node:internal/process/task_queues:95:5)
    at runNextTicks (node:internal/process/task_queues:64:3)
    at listOnTimeout (node:internal/timers:538:9)
    at process.processTimers (node:internal/timers:512:7)
    at async cacheEntry.imageResponseCache.get.incrementalCache (/home/meetingstation1/nodevenv/public_html/meeting_station/18/lib/node_modules/next/dist/server/next-server.js:182:65)
    at async /home/meetingstation1/nodevenv/public_html/meeting_station/18/lib/node_modules/next/dist/server/response-cache/index.js:90:36
    at async /home/meetingstation1/nodevenv/public_html/meeting_station/18/lib/node_modules/next/dist/lib/batcher.js:45:32 {
  statusCode: 400
}
 ⨯ The requested resource isn't a valid image for /vector.png received text/html; charset=utf-8
ImageError: The requested resource isn't a valid image.
    at imageOptimizer (/home/meetingstation1/nodevenv/public_html/meeting_station/18/lib/node_modules/next/dist/server/image-optimizer.js:637:19)
    at NextNodeServer.imageOptimizer (/home/meetingstation1/nodevenv/public_html/meeting_station/18/lib/node_modules/next/dist/server/next-server.js:651:20)
    at processTicksAndRejections (node:internal/process/task_queues:95:5)
    at runNextTicks (node:internal/process/task_queues:64:3)
    at listOnTimeout (node:internal/timers:538:9)
    at process.processTimers (node:internal/timers:512:7)
    at async cacheEntry.imageResponseCache.get.incrementalCache (/home/meetingstation1/nodevenv/public_html/meeting_station/18/lib/node_modules/next/dist/server/next-server.js:182:65)
    at async /home/meetingstation1/nodevenv/public_html/meeting_station/18/lib/node_modules/next/dist/server/response-cache/index.js:90:36
    at async /home/meetingstation1/nodevenv/public_html/meeting_station/18/lib/node_modules/next/dist/lib/batcher.js:45:32 {
  statusCode: 400
}
 ⨯ The requested resource isn't a valid image for /vector.png received text/html; charset=utf-8
 ⨯ The requested resource isn't a valid image for /vector.png received text/html; charset=utf-8
 ⨯ The requested resource isn't a valid image for /vector.png received text/html; charset=utf-8
ImageError: The requested resource isn't a valid image.
    at imageOptimizer (/home/meetingstation1/nodevenv/public_html/meeting_station/18/lib/node_modules/next/dist/server/image-optimizer.js:637:19)
    at NextNodeServer.imageOptimizer (/home/meetingstation1/nodevenv/public_html/meeting_station/18/lib/node_modules/next/dist/server/next-server.js:651:20)
    at processTicksAndRejections (node:internal/process/task_queues:95:5)
    at runNextTicks (node:internal/process/task_queues:64:3)
    at listOnTimeout (node:internal/timers:538:9)
    at process.processTimers (node:internal/timers:512:7)
    at async cacheEntry.imageResponseCache.get.incrementalCache (/home/meetingstation1/nodevenv/public_html/meeting_station/18/lib/node_modules/next/dist/server/next-server.js:182:65)
    at async /home/meetingstation1/nodevenv/public_html/meeting_station/18/lib/node_modules/next/dist/server/response-cache/index.js:90:36
    at async /home/meetingstation1/nodevenv/public_html/meeting_station/18/lib/node_modules/next/dist/lib/batcher.js:45:32 {
  statusCode: 400
}
 ⨯ The requested resource isn't a valid image for /vector.png received text/html; charset=utf-8
 ⨯ The requested resource isn't a valid image for /vector.png received text/html; charset=utf-8
 ⨯ The requested resource isn't a valid image for /vector.png received text/html; charset=utf-8
 ⨯ The requested resource isn't a valid image for /vector.png received text/html; charset=utf-8
 ⨯ The requested resource isn't a valid image for /vector.png received text/html; charset=utf-8
 ⨯ The requested resource isn't a valid image for /vector.png received text/html; charset=utf-8
 ⨯ The requested resource isn't a valid image for /vector.png received text/html; charset=utf-8
ImageError: The requested resource isn't a valid image.
    at imageOptimizer (/home/meetingstation1/nodevenv/public_html/meeting_station/18/lib/node_modules/next/dist/server/image-optimizer.js:637:19)
    at NextNodeServer.imageOptimizer (/home/meetingstation1/nodevenv/public_html/meeting_station/18/lib/node_modules/next/dist/server/next-server.js:651:20)
    at processTicksAndRejections (node:internal/process/task_queues:95:5)
    at runNextTicks (node:internal/process/task_queues:64:3)
    at listOnTimeout (node:internal/timers:538:9)
    at process.processTimers (node:internal/timers:512:7)
    at async cacheEntry.imageResponseCache.get.incrementalCache (/home/meetingstation1/nodevenv/public_html/meeting_station/18/lib/node_modules/next/dist/server/next-server.js:182:65)
    at async /home/meetingstation1/nodevenv/public_html/meeting_station/18/lib/node_modules/next/dist/server/response-cache/index.js:90:36
    at async /home/meetingstation1/nodevenv/public_html/meeting_station/18/lib/node_modules/next/dist/lib/batcher.js:45:32 {
  statusCode: 400
}
 ⚠ The "images.domains" configuration is deprecated. Please use "images.remotePatterns" configuration instead.
 ⚠ For production Image Optimization with Next.js, the optional 'sharp' package is strongly recommended. Run 'npm i sharp', and Next.js will use it automatically for Image Optimization.
Read more: https://nextjs.org/docs/messages/sharp-missing-in-production
